data data_root /gpfs/scratch/bz957/skull_stripping /gpfs/scratch/bz957/skull_stripping
data data_names config/train_names.txt config/train_names.txt
data modality_postfix [T1w] ['T1w']
data label_postfix brain brain
data file_postfix nii.gz nii.gz
data with_ground_truth True True
data batch_size 5 5
data data_shape [19, 144, 144, 1] [19, 144, 144, 1]
data label_shape [11, 144, 144, 1] [11, 144, 144, 1]
data label_convert_source [0, 1] [0, 1]
data label_convert_target [0, 1] [0, 1]
data batch_slice_direction coronal coronal
data train_with_roi_patch False False
data label_roi_mask  None
data roi_patch_margin  None
network net_type MSNet MSNet
network net_name MSNet_cr MSNet_cr
network downsample_twice True True
network class_num 2 2
training learning_rate 1e-3 0.001
training decay 1e-7 1e-07
training maximal_iteration 2000 2000
training snapshot_iteration 500 500
training start_iteration 0 0
training test_iteration 10 10
training test_step 2 2
training model_pre_trained  None
training model_save_prefix model/msnet_cr model/msnet_cr
size of predicty: Tensor("MSNet_cr/final_pred/conv:0", shape=(5, 11, 144, 144, 2), dtype=float32)
2020-07-20 15:59:20.832528: I tensorflow/core/common_runtime/gpu/gpu_device.cc:940] Found device 0 with properties: 
name: Tesla V100-SXM2-32GB
major: 7 minor: 0 memoryClockRate (GHz) 1.53
pciBusID 0004:04:00.0
Total memory: 31.72GiB
Free memory: 31.41GiB
2020-07-20 15:59:20.832650: I tensorflow/core/common_runtime/gpu/gpu_device.cc:961] DMA: 0 
2020-07-20 15:59:20.832677: I tensorflow/core/common_runtime/gpu/gpu_device.cc:971] 0:   Y 
2020-07-20 15:59:20.832707: I tensorflow/core/common_runtime/gpu/gpu_device.cc:1030] Creating TensorFlow device (/gpu:0) -> (device: 0, name: Tesla V100-SXM2-32GB, pci bus id: 0004:04:00.0)
Loading patient dataset/ds000102/sub-13 and modality T1w
Loading patient dataset/ds000102/sub-14 and modality T1w
Loading patient dataset/ds000102/sub-22 and modality T1w
Loading patient dataset/ds000102/sub-25 and modality T1w
Loading patient dataset/ds000102/sub-24 and modality T1w
Loading patient dataset/ds000102/sub-23 and modality T1w
Loading patient dataset/ds000102/sub-15 and modality T1w
Loading patient dataset/ds000102/sub-12 and modality T1w
Loading patient dataset/ds000102/sub-08 and modality T1w
Loading patient dataset/ds000102/sub-01 and modality T1w
Loading patient dataset/ds000102/sub-06 and modality T1w
Loading patient dataset/ds000102/sub-07 and modality T1w
Loading patient dataset/ds000102/sub-09 and modality T1w
Loading patient dataset/ds000102/sub-17 and modality T1w
Loading patient dataset/ds000102/sub-10 and modality T1w
Loading patient dataset/ds000102/sub-26 and modality T1w
Loading patient dataset/ds000102/sub-19 and modality T1w
Loading patient dataset/ds000102/sub-21 and modality T1w
Loading patient dataset/ds000102/sub-20 and modality T1w
Loading patient dataset/ds000102/sub-18 and modality T1w
Loading patient dataset/ds000102/sub-11 and modality T1w
Loading patient dataset/ds000102/sub-16 and modality T1w
Loading patient dataset/ds000102/sub-05 and modality T1w
Loading patient dataset/ds000102/sub-02 and modality T1w
Loading patient dataset/ds000102/sub-03 and modality T1w
Loading patient dataset/ds000102/sub-04 and modality T1w
Data load, 100.0% finished
self.in_size is [(256, 256, 176), (256, 256, 176), (256, 256, 176), (256, 256, 176), (256, 256, 176), (256, 256, 176), (256, 256, 176), (256, 256, 176), (256, 256, 176), (256, 256, 176), (256, 256, 176), (256, 256, 176), (256, 256, 176), (256, 256, 176), (256, 256, 176), (256, 256, 176), (256, 256, 176), (256, 256, 176), (256, 256, 176), (256, 256, 176), (256, 256, 176), (256, 256, 176), (256, 256, 176), (256, 256, 176), (256, 256, 176), (256, 256, 176)]
16:04:13 07/20/20 EDT n 0 loss 0.31667727
16:04:43 07/20/20 EDT n 10 loss 0.1529409
16:05:14 07/20/20 EDT n 20 loss 0.15427202
16:05:44 07/20/20 EDT n 30 loss 0.07073614
16:06:14 07/20/20 EDT n 40 loss 0.08105764
16:06:45 07/20/20 EDT n 50 loss 0.033135176
16:07:16 07/20/20 EDT n 60 loss 0.05260688
16:07:47 07/20/20 EDT n 70 loss 0.06454432
16:08:18 07/20/20 EDT n 80 loss 0.025891393
16:08:49 07/20/20 EDT n 90 loss 0.035547197
16:09:20 07/20/20 EDT n 100 loss 0.018663436
16:09:50 07/20/20 EDT n 110 loss 0.027918547
16:10:21 07/20/20 EDT n 120 loss 0.020157576
16:10:51 07/20/20 EDT n 130 loss 0.03212762
16:11:23 07/20/20 EDT n 140 loss 0.02676177
16:11:53 07/20/20 EDT n 150 loss 0.028528422
16:12:24 07/20/20 EDT n 160 loss 0.029291749
16:12:54 07/20/20 EDT n 170 loss 0.022916138
16:13:25 07/20/20 EDT n 180 loss 0.0259237
16:13:55 07/20/20 EDT n 190 loss 0.11666483
16:14:26 07/20/20 EDT n 200 loss 0.033908844
16:14:56 07/20/20 EDT n 210 loss 0.021339893
16:15:28 07/20/20 EDT n 220 loss 0.046340227
16:15:58 07/20/20 EDT n 230 loss 0.018997133
16:16:29 07/20/20 EDT n 240 loss 0.013118029
16:17:00 07/20/20 EDT n 250 loss 0.018036813
16:17:31 07/20/20 EDT n 260 loss 0.022551864
16:18:02 07/20/20 EDT n 270 loss 0.014539182
16:18:32 07/20/20 EDT n 280 loss 0.016521484
16:19:03 07/20/20 EDT n 290 loss 0.015372872
16:19:34 07/20/20 EDT n 300 loss 0.014012605
16:20:05 07/20/20 EDT n 310 loss 0.02472648
16:20:35 07/20/20 EDT n 320 loss 0.020983517
16:21:05 07/20/20 EDT n 330 loss 0.010966808
16:21:35 07/20/20 EDT n 340 loss 0.027626902
16:22:07 07/20/20 EDT n 350 loss 0.023578703
16:22:38 07/20/20 EDT n 360 loss 0.013399601
16:23:09 07/20/20 EDT n 370 loss 0.011807263
16:23:40 07/20/20 EDT n 380 loss 0.014444083
16:24:11 07/20/20 EDT n 390 loss 0.018472075
16:24:42 07/20/20 EDT n 400 loss 0.013292432
16:25:12 07/20/20 EDT n 410 loss 0.014069796
16:25:42 07/20/20 EDT n 420 loss 0.012410283
16:26:14 07/20/20 EDT n 430 loss 0.014475793
16:26:44 07/20/20 EDT n 440 loss 0.016197532
16:27:15 07/20/20 EDT n 450 loss 0.012257159
16:27:45 07/20/20 EDT n 460 loss 0.010494053
16:28:17 07/20/20 EDT n 470 loss 0.013143092
