Traceback (most recent call last):
  File "train.py", line 124, in <module>
    assert(os.path.isfile(config_file))
AssertionError

------------------------------------------------------------
Sender: LSF System <lsfadmin@skygpu25>
Subject: Job 108127: <#!/bin/bash;#BSUB -n 1;#BSUB -gpu "num=1:mode=shared:j_exclusive=yes";#BSUB -R "rusage[mem=2]";#BSUB -q gpu32;#BSUB -o /gpfs/scratch/bz957/skull_stripping/skynet_scripts/train_%J.log;  . /gpfs/share/skynet/apps/anaconda3/etc/profile.d/conda.sh;conda activate /gpfs/scratch/bz957/brats_skynet;###conda activate powerai1.6_env;cd /gpfs/scratch/bz957/skull_stripping; python -u train.py config19/train_cr.txt> in cluster <SkynetCluster> Exited

Job <#!/bin/bash;#BSUB -n 1;#BSUB -gpu "num=1:mode=shared:j_exclusive=yes";#BSUB -R "rusage[mem=2]";#BSUB -q gpu32;#BSUB -o /gpfs/scratch/bz957/skull_stripping/skynet_scripts/train_%J.log;  . /gpfs/share/skynet/apps/anaconda3/etc/profile.d/conda.sh;conda activate /gpfs/scratch/bz957/brats_skynet;###conda activate powerai1.6_env;cd /gpfs/scratch/bz957/skull_stripping; python -u train.py config19/train_cr.txt> was submitted from host <skynet01> by user <bz957> in cluster <SkynetCluster> at Mon Jul 20 15:23:19 2020
Job was executed on host(s) <skygpu25>, in queue <gpu32>, as user <bz957> in cluster <SkynetCluster> at Mon Jul 20 15:47:48 2020
</home/bz957> was used as the home directory.
</gpfs/scratch/bz957/skull_stripping/skynet_scripts> was used as the working directory.
Started at Mon Jul 20 15:47:48 2020
Terminated at Mon Jul 20 15:48:17 2020
Results reported at Mon Jul 20 15:48:17 2020

Your job looked like:

------------------------------------------------------------
# LSBATCH: User input
#!/bin/bash
#BSUB -n 1
#BSUB -gpu "num=1:mode=shared:j_exclusive=yes"
#BSUB -R "rusage[mem=2]"
#BSUB -q gpu32
#BSUB -o /gpfs/scratch/bz957/skull_stripping/skynet_scripts/train_%J.log


. /gpfs/share/skynet/apps/anaconda3/etc/profile.d/conda.sh
conda activate /gpfs/scratch/bz957/brats_skynet
###conda activate powerai1.6_env
cd /gpfs/scratch/bz957/skull_stripping

python -u train.py config19/train_cr.txt

------------------------------------------------------------

Exited with exit code 1.

Resource usage summary:

    CPU time :                                   15.06 sec.
    Max Memory :                                 -
    Average Memory :                             -
    Total Requested Memory :                     2.00 GB
    Delta Memory :                               -
    Max Swap :                                   -
    Max Processes :                              4
    Max Threads :                                5
    Run time :                                   29 sec.
    Turnaround time :                            1498 sec.

The output (if any) is above this job summary.

