data data_root /gpfs/scratch/bz957/skull_stripping /gpfs/scratch/bz957/skull_stripping
data data_names config/train_names.txt config/train_names.txt
data modality_postfix [T1w] ['T1w']
data label_postfix brain brain
data file_postfix nii.gz nii.gz
data with_ground_truth True True
data batch_size 5 5
data data_shape [19, 144, 144, 1] [19, 144, 144, 1]
data label_shape [11, 144, 144, 1] [11, 144, 144, 1]
data label_convert_source [0, 1] [0, 1]
data label_convert_target [0, 1] [0, 1]
data batch_slice_direction sagittal sagittal
data train_with_roi_patch False False
data label_roi_mask  None
data roi_patch_margin  None
network net_type MSNet MSNet
network net_name MSNet_sg MSNet_sg
network downsample_twice True True
network class_num 2 2
training learning_rate 1e-3 0.001
training decay 1e-7 1e-07
training maximal_iteration 2000 2000
training snapshot_iteration 500 500
training start_iteration 0 0
training test_iteration 10 10
training test_step 2 2
training model_pre_trained  None
training model_save_prefix model17/msnet_sg model17/msnet_sg
size of predicty: Tensor("MSNet_sg/final_pred/conv:0", shape=(5, 11, 144, 144, 2), dtype=float32)
2020-07-20 15:59:20.789436: I tensorflow/core/common_runtime/gpu/gpu_device.cc:940] Found device 0 with properties: 
name: Tesla V100-SXM2-32GB
major: 7 minor: 0 memoryClockRate (GHz) 1.53
pciBusID 0004:05:00.0
Total memory: 31.72GiB
Free memory: 31.41GiB
2020-07-20 15:59:20.789588: I tensorflow/core/common_runtime/gpu/gpu_device.cc:961] DMA: 0 
2020-07-20 15:59:20.789612: I tensorflow/core/common_runtime/gpu/gpu_device.cc:971] 0:   Y 
2020-07-20 15:59:20.789641: I tensorflow/core/common_runtime/gpu/gpu_device.cc:1030] Creating TensorFlow device (/gpu:0) -> (device: 0, name: Tesla V100-SXM2-32GB, pci bus id: 0004:05:00.0)
